{
  "stats": {
    "suites": 4,
    "tests": 17,
    "passes": 13,
    "pending": 0,
    "failures": 4,
    "start": "2020-07-22T10:33:19.780Z",
    "end": "2020-07-22T10:33:19.780Z",
    "duration": 525978,
    "testsRegistered": 17,
    "passPercent": 76.47058823529412,
    "pendingPercent": 0,
    "other": 0,
    "hasOther": false,
    "skipped": 0,
    "hasSkipped": false
  },
  "results": [
    {
      "uuid": "0e059c98-2491-4995-8c10-d734f55e1553",
      "title": "",
      "fullFile": "cypress\\integration\\apiTest.spec.js",
      "file": "cypress\\integration\\apiTest.spec.js",
      "beforeHooks": [],
      "afterHooks": [],
      "tests": [],
      "suites": [
        {
          "uuid": "7608e8c7-1887-4c9d-b2e0-934744979877",
          "title": "Request API tests",
          "fullFile": "",
          "file": "",
          "beforeHooks": [],
          "afterHooks": [],
          "tests": [
            {
              "title": "Tester musique",
              "fullTitle": "Request API tests Tester musique",
              "timedOut": null,
              "duration": 4532,
              "state": "passed",
              "speed": "slow",
              "pass": true,
              "fail": false,
              "pending": false,
              "context": null,
              "code": "cy.product(product[0].q, product[0].type, product[0].info, product[0].limit);",
              "err": {},
              "uuid": "30046edb-b5e3-42b3-9273-97c69675baf0",
              "parentUUID": "7608e8c7-1887-4c9d-b2e0-934744979877",
              "isHook": false,
              "skipped": false
            },
            {
              "title": "tester film",
              "fullTitle": "Request API tests tester film",
              "timedOut": null,
              "duration": 4029,
              "state": "passed",
              "speed": "slow",
              "pass": true,
              "fail": false,
              "pending": false,
              "context": null,
              "code": "cy.product(product[1].q, product[1].type, product[1].info, product[1].limit);",
              "err": {},
              "uuid": "b57928fc-0ac9-4c6f-b5dd-eeec050dde46",
              "parentUUID": "7608e8c7-1887-4c9d-b2e0-934744979877",
              "isHook": false,
              "skipped": false
            },
            {
              "title": "tester info",
              "fullTitle": "Request API tests tester info",
              "timedOut": null,
              "duration": 4928,
              "state": "passed",
              "speed": "slow",
              "pass": true,
              "fail": false,
              "pending": false,
              "context": null,
              "code": "cy.product(product[2].q, product[2].type, product[2].info, product[2].limit);",
              "err": {},
              "uuid": "dd14d5b5-30aa-42ec-afb1-a1b7d34cf0dc",
              "parentUUID": "7608e8c7-1887-4c9d-b2e0-934744979877",
              "isHook": false,
              "skipped": false
            },
            {
              "title": "tester limit",
              "fullTitle": "Request API tests tester limit",
              "timedOut": null,
              "duration": 5654,
              "state": "passed",
              "speed": "slow",
              "pass": true,
              "fail": false,
              "pending": false,
              "context": null,
              "code": "cy.product(product[3].q, product[3].type, product[3].info, product[3].limit);",
              "err": {},
              "uuid": "e0380c31-bc0b-4e30-a030-fc36cf55d674",
              "parentUUID": "7608e8c7-1887-4c9d-b2e0-934744979877",
              "isHook": false,
              "skipped": false
            },
            {
              "title": "tester q",
              "fullTitle": "Request API tests tester q",
              "timedOut": null,
              "duration": 4798,
              "state": "passed",
              "speed": "slow",
              "pass": true,
              "fail": false,
              "pending": false,
              "context": null,
              "code": "// pour le cas echeant on peu effacer le q dans le jdd (\"q\": \"Guardians Of The Galaxy Vol. 2\")\ncy.product(product[4].q, product[4].type, product[4].info, product[4].limit);",
              "err": {},
              "uuid": "50ede118-af33-43a8-91ef-db7d84b94698",
              "parentUUID": "7608e8c7-1887-4c9d-b2e0-934744979877",
              "isHook": false,
              "skipped": false
            }
          ],
          "suites": [],
          "passes": [
            "30046edb-b5e3-42b3-9273-97c69675baf0",
            "b57928fc-0ac9-4c6f-b5dd-eeec050dde46",
            "dd14d5b5-30aa-42ec-afb1-a1b7d34cf0dc",
            "e0380c31-bc0b-4e30-a030-fc36cf55d674",
            "50ede118-af33-43a8-91ef-db7d84b94698"
          ],
          "failures": [],
          "pending": [],
          "skipped": [],
          "duration": 23941,
          "root": false,
          "rootEmpty": false,
          "_timeout": 2000
        }
      ],
      "passes": [],
      "failures": [],
      "pending": [],
      "skipped": [],
      "duration": 0,
      "root": true,
      "rootEmpty": true,
      "_timeout": 2000
    },
    {
      "uuid": "baa955bb-e3de-43ce-a33e-30186fb94170",
      "title": "",
      "fullFile": "cypress\\integration\\authentificationTests.spec.js",
      "file": "cypress\\integration\\authentificationTests.spec.js",
      "beforeHooks": [],
      "afterHooks": [],
      "tests": [],
      "suites": [
        {
          "uuid": "c82d708c-1409-4e8c-a396-04d3033c8b05",
          "title": "Backmarket authentification tests",
          "fullFile": "",
          "file": "",
          "beforeHooks": [],
          "afterHooks": [],
          "tests": [
            {
              "title": "should failed authentification on wrong credentials",
              "fullTitle": "Backmarket authentification tests should failed authentification on wrong credentials",
              "timedOut": null,
              "duration": 76777,
              "state": "failed",
              "speed": null,
              "pass": false,
              "fail": true,
              "pending": false,
              "context": null,
              "code": "cy.wait(15000);\ncy.login('styp@yopmail.com', 'Backmarket@0101nn');\ncy.contains('Mauvaise combinaison email/mot de passe').should('be.visible');",
              "err": {
                "message": "AssertionError: Timed out retrying: Expected to find content: 'Mauvaise combinaison email/mot de passe' but never did.",
                "estack": "AssertionError: Timed out retrying: Expected to find content: 'Mauvaise combinaison email/mot de passe' but never did.\n    at Context.eval (https://www.backmarket.fr/__cypress/tests?p=cypress\\integration\\authentificationTests.spec.js:12:60)",
                "diff": null
              },
              "uuid": "c5ec46dc-750a-4bb6-8d23-3bb1ae45fab1",
              "parentUUID": "c82d708c-1409-4e8c-a396-04d3033c8b05",
              "isHook": false,
              "skipped": false
            },
            {
              "title": "should fail when email is empty",
              "fullTitle": "Backmarket authentification tests should fail when email is empty",
              "timedOut": null,
              "duration": 73993,
              "state": "failed",
              "speed": null,
              "pass": false,
              "fail": true,
              "pending": false,
              "context": null,
              "code": "cy.login(null, 'wrongPassword');\ncy.contains('Le champ \"Email\" est obligatoire').should('be.visible');",
              "err": {
                "message": "AssertionError: Timed out retrying: Expected to find content: 'Le champ \"Email\" est obligatoire' but never did.",
                "estack": "AssertionError: Timed out retrying: Expected to find content: 'Le champ \"Email\" est obligatoire' but never did.\n    at Context.eval (https://www.backmarket.fr/__cypress/tests?p=cypress\\integration\\authentificationTests.spec.js:16:53)",
                "diff": null
              },
              "uuid": "5d09815b-2ad7-40e8-9009-ee9ec4e2b5fb",
              "parentUUID": "c82d708c-1409-4e8c-a396-04d3033c8b05",
              "isHook": false,
              "skipped": false
            },
            {
              "title": "should fail when password is empty",
              "fullTitle": "Backmarket authentification tests should fail when password is empty",
              "timedOut": null,
              "duration": 48364,
              "state": "passed",
              "speed": "slow",
              "pass": true,
              "fail": false,
              "pending": false,
              "context": null,
              "code": "cy.login('styp@yopmail.com', null);\ncy.wait(5000);\ncy.contains('Mot de passe *');",
              "err": {},
              "uuid": "f28ea212-e4c4-480f-a06c-6bc31f1e39ca",
              "parentUUID": "c82d708c-1409-4e8c-a396-04d3033c8b05",
              "isHook": false,
              "skipped": false
            },
            {
              "title": "should fail when email is invalid form",
              "fullTitle": "Backmarket authentification tests should fail when email is invalid form",
              "timedOut": null,
              "duration": 92576,
              "state": "failed",
              "speed": null,
              "pass": false,
              "fail": true,
              "pending": false,
              "context": null,
              "code": "cy.login('stypoyopmail.com', 'wrongPassword');\ncy.wait(5000);\ncy.contains('Mauvaise combinaison email').should('be.visible');",
              "err": {
                "message": "CypressError: Timed out after waiting `60000ms` for your remote page to load.\n\nYour page did not fire its `load` event within `60000ms`.\n\nYou can try increasing the `pageLoadTimeout` value in `cypress.json` to wait longer.\n\nBrowsers will not fire the `load` event until all stylesheets and scripts are done downloading.\n\nWhen this `load` event occurs, Cypress will continue running commands.",
                "estack": "CypressError: Timed out after waiting `60000ms` for your remote page to load.\n\nYour page did not fire its `load` event within `60000ms`.\n\nYou can try increasing the `pageLoadTimeout` value in `cypress.json` to wait longer.\n\nBrowsers will not fire the `load` event until all stylesheets and scripts are done downloading.\n\nWhen this `load` event occurs, Cypress will continue running commands.\n    at timedOutWaitingForPageLoad (https://www.backmarket.fr/__cypress/runner/cypress_runner.js:155493:13)\n    at https://www.backmarket.fr/__cypress/runner/cypress_runner.js:155752:14\n    at tryCatcher (https://www.backmarket.fr/__cypress/runner/cypress_runner.js:10130:23)\n    at https://www.backmarket.fr/__cypress/runner/cypress_runner.js:5252:41\n    at tryCatcher (https://www.backmarket.fr/__cypress/runner/cypress_runner.js:10130:23)\n    at Promise._settlePromiseFromHandler (https://www.backmarket.fr/__cypress/runner/cypress_runner.js:8065:31)\n    at Promise._settlePromise (https://www.backmarket.fr/__cypress/runner/cypress_runner.js:8122:18)\n    at Promise._settlePromise0 (https://www.backmarket.fr/__cypress/runner/cypress_runner.js:8167:10)\n    at Promise._settlePromises (https://www.backmarket.fr/__cypress/runner/cypress_runner.js:8243:18)\n    at _drainQueueStep (https://www.backmarket.fr/__cypress/runner/cypress_runner.js:4837:12)\n    at _drainQueue (https://www.backmarket.fr/__cypress/runner/cypress_runner.js:4830:9)\n    at Async.../../node_modules/bluebird/js/release/async.js.Async._drainQueues (https://www.backmarket.fr/__cypress/runner/cypress_runner.js:4846:5)\n    at Async.drainQueues (https://www.backmarket.fr/__cypress/runner/cypress_runner.js:4716:14)\nFrom Your Spec Code:\n    at Context.eval (https://www.backmarket.fr/__cypress/tests?p=cypress\\integration\\authentificationTests.spec.js:25:8)",
                "diff": null
              },
              "uuid": "7a5fe0de-3409-4a80-a041-a40af73e9def",
              "parentUUID": "c82d708c-1409-4e8c-a396-04d3033c8b05",
              "isHook": false,
              "skipped": false
            },
            {
              "title": "should  authentification succefully",
              "fullTitle": "Backmarket authentification tests should  authentification succefully",
              "timedOut": null,
              "duration": 120464,
              "state": "failed",
              "speed": null,
              "pass": false,
              "fail": true,
              "pending": false,
              "context": null,
              "code": "cy.login('styp@yopmail.com', 'Backmarket@0101');\ncy.wait(5000);\ncy.visit('https://www.backmarket.fr/dashboard/orders');\ncy.url().should('contain', '/dashboard/orders');",
              "err": {
                "message": "AssertionError: Timed out retrying: expected 'https://www.backmarket.fr/register?next=%2Fdashboard%2Forders' to include '/dashboard/orders'",
                "estack": "AssertionError: Timed out retrying: expected 'https://www.backmarket.fr/register?next=%2Fdashboard%2Forders' to include '/dashboard/orders'\n    at Context.eval (https://www.backmarket.fr/__cypress/tests?p=cypress\\integration\\authentificationTests.spec.js:32:14)",
                "diff": null
              },
              "uuid": "eb674371-1ec0-4093-9146-e0c1c6ecae73",
              "parentUUID": "c82d708c-1409-4e8c-a396-04d3033c8b05",
              "isHook": false,
              "skipped": false
            }
          ],
          "suites": [],
          "passes": [
            "f28ea212-e4c4-480f-a06c-6bc31f1e39ca"
          ],
          "failures": [
            "c5ec46dc-750a-4bb6-8d23-3bb1ae45fab1",
            "5d09815b-2ad7-40e8-9009-ee9ec4e2b5fb",
            "7a5fe0de-3409-4a80-a041-a40af73e9def",
            "eb674371-1ec0-4093-9146-e0c1c6ecae73"
          ],
          "pending": [],
          "skipped": [],
          "duration": 412174,
          "root": false,
          "rootEmpty": false,
          "_timeout": 2000
        }
      ],
      "passes": [],
      "failures": [],
      "pending": [],
      "skipped": [],
      "duration": 0,
      "root": true,
      "rootEmpty": true,
      "_timeout": 2000
    },
    {
      "uuid": "edc10778-e7d5-46e2-b844-e3b1ab2bd86e",
      "title": "",
      "fullFile": "cypress\\integration\\uploadDownloadScenario.spec.js",
      "file": "cypress\\integration\\uploadDownloadScenario.spec.js",
      "beforeHooks": [],
      "afterHooks": [],
      "tests": [],
      "suites": [
        {
          "uuid": "932cbcc6-4a41-43a6-8635-167973545d54",
          "title": "File upload and download tests",
          "fullFile": "",
          "file": "",
          "beforeHooks": [],
          "afterHooks": [],
          "tests": [
            {
              "title": "Upload file and download it in Zip format",
              "fullTitle": "File upload and download tests Upload file and download it in Zip format",
              "timedOut": null,
              "duration": 17070,
              "state": "passed",
              "speed": "slow",
              "pass": true,
              "fail": false,
              "pending": false,
              "context": null,
              "code": "cy.get('#fileField').attachFile('illustration_02a_cypress .png');\ncy.contains('This bin contains 1 file').should('be.visible');\ncy.get('.fa-cloud-download').click();\ncy.contains('Zip').invoke('attr', 'href').then(function (downloadLink) {\n  cy.log(downloadLink);\n  cy.downloadFile(downloadLink, 'mydownloads/zipFiles', 'downloadedFromCypress.zip');\n  cy.readFile('mydownloads/zipFiles/downloadedFromCypress.zip');\n});",
              "err": {},
              "uuid": "33a0e3b6-7eb1-4bab-aaa3-0d2c9d75e0c5",
              "parentUUID": "932cbcc6-4a41-43a6-8635-167973545d54",
              "isHook": false,
              "skipped": false
            },
            {
              "title": "Upload file and download it in Tar format",
              "fullTitle": "File upload and download tests Upload file and download it in Tar format",
              "timedOut": null,
              "duration": 21459,
              "state": "passed",
              "speed": "slow",
              "pass": true,
              "fail": false,
              "pending": false,
              "context": null,
              "code": "cy.get('#fileField').attachFile('illustration_02a_cypress .png');\ncy.contains('This bin contains 1 file').should('be.visible');\ncy.get('.fa-cloud-download').click();\ncy.contains('Tar').invoke('attr', 'href').then(function (downloadLink) {\n  cy.log(downloadLink);\n  cy.downloadFile(downloadLink, 'mydownloads/tarFiles', 'downloadedFromCypress.tar');\n  cy.readFile('mydownloads/tarFiles/downloadedFromCypress.tar');\n});",
              "err": {},
              "uuid": "e456459f-31b7-4960-aff1-e9b3c9f956e8",
              "parentUUID": "932cbcc6-4a41-43a6-8635-167973545d54",
              "isHook": false,
              "skipped": false
            }
          ],
          "suites": [],
          "passes": [
            "33a0e3b6-7eb1-4bab-aaa3-0d2c9d75e0c5",
            "e456459f-31b7-4960-aff1-e9b3c9f956e8"
          ],
          "failures": [],
          "pending": [],
          "skipped": [],
          "duration": 38529,
          "root": false,
          "rootEmpty": false,
          "_timeout": 2000
        }
      ],
      "passes": [],
      "failures": [],
      "pending": [],
      "skipped": [],
      "duration": 0,
      "root": true,
      "rootEmpty": true,
      "_timeout": 2000
    },
    {
      "uuid": "7e5ab2d6-acf8-4b44-88c1-e2022eb37910",
      "title": "",
      "fullFile": "cypress\\integration\\apiTest.spec.js",
      "file": "cypress\\integration\\apiTest.spec.js",
      "beforeHooks": [],
      "afterHooks": [],
      "tests": [],
      "suites": [
        {
          "uuid": "cabd228a-d566-4bb3-84a1-fa3eff92bf02",
          "title": "Request API tests",
          "fullFile": "",
          "file": "",
          "beforeHooks": [],
          "afterHooks": [],
          "tests": [
            {
              "title": "Tester musique",
              "fullTitle": "Request API tests Tester musique",
              "timedOut": null,
              "duration": 13755,
              "state": "passed",
              "speed": "slow",
              "pass": true,
              "fail": false,
              "pending": false,
              "context": null,
              "code": "cy.product(product[0].q, product[0].type, product[0].info, product[0].limit);",
              "err": {},
              "uuid": "6e77d100-5e47-4723-be62-e25463748322",
              "parentUUID": "cabd228a-d566-4bb3-84a1-fa3eff92bf02",
              "isHook": false,
              "skipped": false
            },
            {
              "title": "tester film",
              "fullTitle": "Request API tests tester film",
              "timedOut": null,
              "duration": 11156,
              "state": "passed",
              "speed": "slow",
              "pass": true,
              "fail": false,
              "pending": false,
              "context": null,
              "code": "cy.product(product[1].q, product[1].type, product[1].info, product[1].limit);",
              "err": {},
              "uuid": "99ba20de-0656-4ffb-a572-b0256e6a48d2",
              "parentUUID": "cabd228a-d566-4bb3-84a1-fa3eff92bf02",
              "isHook": false,
              "skipped": false
            },
            {
              "title": "tester info",
              "fullTitle": "Request API tests tester info",
              "timedOut": null,
              "duration": 7069,
              "state": "passed",
              "speed": "slow",
              "pass": true,
              "fail": false,
              "pending": false,
              "context": null,
              "code": "cy.product(product[2].q, product[2].type, product[2].info, product[2].limit);",
              "err": {},
              "uuid": "eac32459-07d3-4f8c-b2fc-47a54e802f48",
              "parentUUID": "cabd228a-d566-4bb3-84a1-fa3eff92bf02",
              "isHook": false,
              "skipped": false
            },
            {
              "title": "tester limit",
              "fullTitle": "Request API tests tester limit",
              "timedOut": null,
              "duration": 10532,
              "state": "passed",
              "speed": "slow",
              "pass": true,
              "fail": false,
              "pending": false,
              "context": null,
              "code": "cy.product(product[3].q, product[3].type, product[3].info, product[3].limit);",
              "err": {},
              "uuid": "b7124cfd-1fb1-44b7-9ee5-bd9a8596e340",
              "parentUUID": "cabd228a-d566-4bb3-84a1-fa3eff92bf02",
              "isHook": false,
              "skipped": false
            },
            {
              "title": "tester q",
              "fullTitle": "Request API tests tester q",
              "timedOut": null,
              "duration": 8822,
              "state": "passed",
              "speed": "slow",
              "pass": true,
              "fail": false,
              "pending": false,
              "context": null,
              "code": "// pour le cas echeant on peu effacer le q dans le jdd (\"q\": \"Guardians Of The Galaxy Vol. 2\")\ncy.product(product[4].q, product[4].type, product[4].info, product[4].limit);",
              "err": {},
              "uuid": "579969b6-36d4-44c2-8f7d-c55664ceb387",
              "parentUUID": "cabd228a-d566-4bb3-84a1-fa3eff92bf02",
              "isHook": false,
              "skipped": false
            }
          ],
          "suites": [],
          "passes": [
            "6e77d100-5e47-4723-be62-e25463748322",
            "99ba20de-0656-4ffb-a572-b0256e6a48d2",
            "eac32459-07d3-4f8c-b2fc-47a54e802f48",
            "b7124cfd-1fb1-44b7-9ee5-bd9a8596e340",
            "579969b6-36d4-44c2-8f7d-c55664ceb387"
          ],
          "failures": [],
          "pending": [],
          "skipped": [],
          "duration": 51334,
          "root": false,
          "rootEmpty": false,
          "_timeout": 2000
        }
      ],
      "passes": [],
      "failures": [],
      "pending": [],
      "skipped": [],
      "duration": 0,
      "root": true,
      "rootEmpty": true,
      "_timeout": 2000
    }
  ],
  "meta": {
    "mocha": {
      "version": "7.0.1"
    },
    "mochawesome": {
      "options": {
        "quiet": false,
        "reportFilename": "mochawesome",
        "saveHtml": false,
        "saveJson": true,
        "consoleReporter": "spec",
        "useInlineDiffs": false,
        "code": true
      },
      "version": "6.1.1"
    },
    "marge": {
      "options": {
        "reportDir": "cypress/results",
        "overwrite": false,
        "html": false,
        "json": true
      },
      "version": "5.1.0"
    }
  }
}