{
  "stats": {
    "suites": 1,
    "tests": 5,
    "passes": 1,
    "pending": 0,
    "failures": 4,
    "start": "2020-07-22T10:22:09.104Z",
    "end": "2020-07-22T10:29:09.379Z",
    "duration": 420275,
    "testsRegistered": 5,
    "passPercent": 20,
    "pendingPercent": 0,
    "other": 0,
    "hasOther": false,
    "skipped": 0,
    "hasSkipped": false
  },
  "results": [
    {
      "uuid": "baa955bb-e3de-43ce-a33e-30186fb94170",
      "title": "",
      "fullFile": "cypress\\integration\\authentificationTests.spec.js",
      "file": "cypress\\integration\\authentificationTests.spec.js",
      "beforeHooks": [],
      "afterHooks": [],
      "tests": [],
      "suites": [
        {
          "uuid": "c82d708c-1409-4e8c-a396-04d3033c8b05",
          "title": "Backmarket authentification tests",
          "fullFile": "",
          "file": "",
          "beforeHooks": [],
          "afterHooks": [],
          "tests": [
            {
              "title": "should failed authentification on wrong credentials",
              "fullTitle": "Backmarket authentification tests should failed authentification on wrong credentials",
              "timedOut": null,
              "duration": 76777,
              "state": "failed",
              "speed": null,
              "pass": false,
              "fail": true,
              "pending": false,
              "context": null,
              "code": "cy.wait(15000);\ncy.login('styp@yopmail.com', 'Backmarket@0101nn');\ncy.contains('Mauvaise combinaison email/mot de passe').should('be.visible');",
              "err": {
                "message": "AssertionError: Timed out retrying: Expected to find content: 'Mauvaise combinaison email/mot de passe' but never did.",
                "estack": "AssertionError: Timed out retrying: Expected to find content: 'Mauvaise combinaison email/mot de passe' but never did.\n    at Context.eval (https://www.backmarket.fr/__cypress/tests?p=cypress\\integration\\authentificationTests.spec.js:12:60)",
                "diff": null
              },
              "uuid": "c5ec46dc-750a-4bb6-8d23-3bb1ae45fab1",
              "parentUUID": "c82d708c-1409-4e8c-a396-04d3033c8b05",
              "isHook": false,
              "skipped": false
            },
            {
              "title": "should fail when email is empty",
              "fullTitle": "Backmarket authentification tests should fail when email is empty",
              "timedOut": null,
              "duration": 73993,
              "state": "failed",
              "speed": null,
              "pass": false,
              "fail": true,
              "pending": false,
              "context": null,
              "code": "cy.login(null, 'wrongPassword');\ncy.contains('Le champ \"Email\" est obligatoire').should('be.visible');",
              "err": {
                "message": "AssertionError: Timed out retrying: Expected to find content: 'Le champ \"Email\" est obligatoire' but never did.",
                "estack": "AssertionError: Timed out retrying: Expected to find content: 'Le champ \"Email\" est obligatoire' but never did.\n    at Context.eval (https://www.backmarket.fr/__cypress/tests?p=cypress\\integration\\authentificationTests.spec.js:16:53)",
                "diff": null
              },
              "uuid": "5d09815b-2ad7-40e8-9009-ee9ec4e2b5fb",
              "parentUUID": "c82d708c-1409-4e8c-a396-04d3033c8b05",
              "isHook": false,
              "skipped": false
            },
            {
              "title": "should fail when password is empty",
              "fullTitle": "Backmarket authentification tests should fail when password is empty",
              "timedOut": null,
              "duration": 48364,
              "state": "passed",
              "speed": "slow",
              "pass": true,
              "fail": false,
              "pending": false,
              "context": null,
              "code": "cy.login('styp@yopmail.com', null);\ncy.wait(5000);\ncy.contains('Mot de passe *');",
              "err": {},
              "uuid": "f28ea212-e4c4-480f-a06c-6bc31f1e39ca",
              "parentUUID": "c82d708c-1409-4e8c-a396-04d3033c8b05",
              "isHook": false,
              "skipped": false
            },
            {
              "title": "should fail when email is invalid form",
              "fullTitle": "Backmarket authentification tests should fail when email is invalid form",
              "timedOut": null,
              "duration": 92576,
              "state": "failed",
              "speed": null,
              "pass": false,
              "fail": true,
              "pending": false,
              "context": null,
              "code": "cy.login('stypoyopmail.com', 'wrongPassword');\ncy.wait(5000);\ncy.contains('Mauvaise combinaison email').should('be.visible');",
              "err": {
                "message": "CypressError: Timed out after waiting `60000ms` for your remote page to load.\n\nYour page did not fire its `load` event within `60000ms`.\n\nYou can try increasing the `pageLoadTimeout` value in `cypress.json` to wait longer.\n\nBrowsers will not fire the `load` event until all stylesheets and scripts are done downloading.\n\nWhen this `load` event occurs, Cypress will continue running commands.",
                "estack": "CypressError: Timed out after waiting `60000ms` for your remote page to load.\n\nYour page did not fire its `load` event within `60000ms`.\n\nYou can try increasing the `pageLoadTimeout` value in `cypress.json` to wait longer.\n\nBrowsers will not fire the `load` event until all stylesheets and scripts are done downloading.\n\nWhen this `load` event occurs, Cypress will continue running commands.\n    at timedOutWaitingForPageLoad (https://www.backmarket.fr/__cypress/runner/cypress_runner.js:155493:13)\n    at https://www.backmarket.fr/__cypress/runner/cypress_runner.js:155752:14\n    at tryCatcher (https://www.backmarket.fr/__cypress/runner/cypress_runner.js:10130:23)\n    at https://www.backmarket.fr/__cypress/runner/cypress_runner.js:5252:41\n    at tryCatcher (https://www.backmarket.fr/__cypress/runner/cypress_runner.js:10130:23)\n    at Promise._settlePromiseFromHandler (https://www.backmarket.fr/__cypress/runner/cypress_runner.js:8065:31)\n    at Promise._settlePromise (https://www.backmarket.fr/__cypress/runner/cypress_runner.js:8122:18)\n    at Promise._settlePromise0 (https://www.backmarket.fr/__cypress/runner/cypress_runner.js:8167:10)\n    at Promise._settlePromises (https://www.backmarket.fr/__cypress/runner/cypress_runner.js:8243:18)\n    at _drainQueueStep (https://www.backmarket.fr/__cypress/runner/cypress_runner.js:4837:12)\n    at _drainQueue (https://www.backmarket.fr/__cypress/runner/cypress_runner.js:4830:9)\n    at Async.../../node_modules/bluebird/js/release/async.js.Async._drainQueues (https://www.backmarket.fr/__cypress/runner/cypress_runner.js:4846:5)\n    at Async.drainQueues (https://www.backmarket.fr/__cypress/runner/cypress_runner.js:4716:14)\nFrom Your Spec Code:\n    at Context.eval (https://www.backmarket.fr/__cypress/tests?p=cypress\\integration\\authentificationTests.spec.js:25:8)",
                "diff": null
              },
              "uuid": "7a5fe0de-3409-4a80-a041-a40af73e9def",
              "parentUUID": "c82d708c-1409-4e8c-a396-04d3033c8b05",
              "isHook": false,
              "skipped": false
            },
            {
              "title": "should  authentification succefully",
              "fullTitle": "Backmarket authentification tests should  authentification succefully",
              "timedOut": null,
              "duration": 120464,
              "state": "failed",
              "speed": null,
              "pass": false,
              "fail": true,
              "pending": false,
              "context": null,
              "code": "cy.login('styp@yopmail.com', 'Backmarket@0101');\ncy.wait(5000);\ncy.visit('https://www.backmarket.fr/dashboard/orders');\ncy.url().should('contain', '/dashboard/orders');",
              "err": {
                "message": "AssertionError: Timed out retrying: expected 'https://www.backmarket.fr/register?next=%2Fdashboard%2Forders' to include '/dashboard/orders'",
                "estack": "AssertionError: Timed out retrying: expected 'https://www.backmarket.fr/register?next=%2Fdashboard%2Forders' to include '/dashboard/orders'\n    at Context.eval (https://www.backmarket.fr/__cypress/tests?p=cypress\\integration\\authentificationTests.spec.js:32:14)",
                "diff": null
              },
              "uuid": "eb674371-1ec0-4093-9146-e0c1c6ecae73",
              "parentUUID": "c82d708c-1409-4e8c-a396-04d3033c8b05",
              "isHook": false,
              "skipped": false
            }
          ],
          "suites": [],
          "passes": [
            "f28ea212-e4c4-480f-a06c-6bc31f1e39ca"
          ],
          "failures": [
            "c5ec46dc-750a-4bb6-8d23-3bb1ae45fab1",
            "5d09815b-2ad7-40e8-9009-ee9ec4e2b5fb",
            "7a5fe0de-3409-4a80-a041-a40af73e9def",
            "eb674371-1ec0-4093-9146-e0c1c6ecae73"
          ],
          "pending": [],
          "skipped": [],
          "duration": 412174,
          "root": false,
          "rootEmpty": false,
          "_timeout": 2000
        }
      ],
      "passes": [],
      "failures": [],
      "pending": [],
      "skipped": [],
      "duration": 0,
      "root": true,
      "rootEmpty": true,
      "_timeout": 2000
    }
  ],
  "meta": {
    "mocha": {
      "version": "7.0.1"
    },
    "mochawesome": {
      "options": {
        "quiet": false,
        "reportFilename": "mochawesome",
        "saveHtml": false,
        "saveJson": true,
        "consoleReporter": "spec",
        "useInlineDiffs": false,
        "code": true
      },
      "version": "6.1.1"
    },
    "marge": {
      "options": {
        "reportDir": "cypress/results",
        "overwrite": false,
        "html": false,
        "json": true
      },
      "version": "5.1.0"
    }
  }
}