{
  "stats": {
    "suites": 1,
    "tests": 5,
    "passes": 5,
    "pending": 0,
    "failures": 0,
    "start": "2020-07-22T10:21:24.362Z",
    "end": "2020-07-22T10:21:49.949Z",
    "duration": 25587,
    "testsRegistered": 5,
    "passPercent": 100,
    "pendingPercent": 0,
    "other": 0,
    "hasOther": false,
    "skipped": 0,
    "hasSkipped": false
  },
  "results": [
    {
      "uuid": "0e059c98-2491-4995-8c10-d734f55e1553",
      "title": "",
      "fullFile": "cypress\\integration\\apiTest.spec.js",
      "file": "cypress\\integration\\apiTest.spec.js",
      "beforeHooks": [],
      "afterHooks": [],
      "tests": [],
      "suites": [
        {
          "uuid": "7608e8c7-1887-4c9d-b2e0-934744979877",
          "title": "Request API tests",
          "fullFile": "",
          "file": "",
          "beforeHooks": [],
          "afterHooks": [],
          "tests": [
            {
              "title": "Tester musique",
              "fullTitle": "Request API tests Tester musique",
              "timedOut": null,
              "duration": 4532,
              "state": "passed",
              "speed": "slow",
              "pass": true,
              "fail": false,
              "pending": false,
              "context": null,
              "code": "cy.product(product[0].q, product[0].type, product[0].info, product[0].limit);",
              "err": {},
              "uuid": "30046edb-b5e3-42b3-9273-97c69675baf0",
              "parentUUID": "7608e8c7-1887-4c9d-b2e0-934744979877",
              "isHook": false,
              "skipped": false
            },
            {
              "title": "tester film",
              "fullTitle": "Request API tests tester film",
              "timedOut": null,
              "duration": 4029,
              "state": "passed",
              "speed": "slow",
              "pass": true,
              "fail": false,
              "pending": false,
              "context": null,
              "code": "cy.product(product[1].q, product[1].type, product[1].info, product[1].limit);",
              "err": {},
              "uuid": "b57928fc-0ac9-4c6f-b5dd-eeec050dde46",
              "parentUUID": "7608e8c7-1887-4c9d-b2e0-934744979877",
              "isHook": false,
              "skipped": false
            },
            {
              "title": "tester info",
              "fullTitle": "Request API tests tester info",
              "timedOut": null,
              "duration": 4928,
              "state": "passed",
              "speed": "slow",
              "pass": true,
              "fail": false,
              "pending": false,
              "context": null,
              "code": "cy.product(product[2].q, product[2].type, product[2].info, product[2].limit);",
              "err": {},
              "uuid": "dd14d5b5-30aa-42ec-afb1-a1b7d34cf0dc",
              "parentUUID": "7608e8c7-1887-4c9d-b2e0-934744979877",
              "isHook": false,
              "skipped": false
            },
            {
              "title": "tester limit",
              "fullTitle": "Request API tests tester limit",
              "timedOut": null,
              "duration": 5654,
              "state": "passed",
              "speed": "slow",
              "pass": true,
              "fail": false,
              "pending": false,
              "context": null,
              "code": "cy.product(product[3].q, product[3].type, product[3].info, product[3].limit);",
              "err": {},
              "uuid": "e0380c31-bc0b-4e30-a030-fc36cf55d674",
              "parentUUID": "7608e8c7-1887-4c9d-b2e0-934744979877",
              "isHook": false,
              "skipped": false
            },
            {
              "title": "tester q",
              "fullTitle": "Request API tests tester q",
              "timedOut": null,
              "duration": 4798,
              "state": "passed",
              "speed": "slow",
              "pass": true,
              "fail": false,
              "pending": false,
              "context": null,
              "code": "// pour le cas echeant on peu effacer le q dans le jdd (\"q\": \"Guardians Of The Galaxy Vol. 2\")\ncy.product(product[4].q, product[4].type, product[4].info, product[4].limit);",
              "err": {},
              "uuid": "50ede118-af33-43a8-91ef-db7d84b94698",
              "parentUUID": "7608e8c7-1887-4c9d-b2e0-934744979877",
              "isHook": false,
              "skipped": false
            }
          ],
          "suites": [],
          "passes": [
            "30046edb-b5e3-42b3-9273-97c69675baf0",
            "b57928fc-0ac9-4c6f-b5dd-eeec050dde46",
            "dd14d5b5-30aa-42ec-afb1-a1b7d34cf0dc",
            "e0380c31-bc0b-4e30-a030-fc36cf55d674",
            "50ede118-af33-43a8-91ef-db7d84b94698"
          ],
          "failures": [],
          "pending": [],
          "skipped": [],
          "duration": 23941,
          "root": false,
          "rootEmpty": false,
          "_timeout": 2000
        }
      ],
      "passes": [],
      "failures": [],
      "pending": [],
      "skipped": [],
      "duration": 0,
      "root": true,
      "rootEmpty": true,
      "_timeout": 2000
    }
  ],
  "meta": {
    "mocha": {
      "version": "7.0.1"
    },
    "mochawesome": {
      "options": {
        "quiet": false,
        "reportFilename": "mochawesome",
        "saveHtml": false,
        "saveJson": true,
        "consoleReporter": "spec",
        "useInlineDiffs": false,
        "code": true
      },
      "version": "6.1.1"
    },
    "marge": {
      "options": {
        "reportDir": "cypress/results",
        "overwrite": false,
        "html": false,
        "json": true
      },
      "version": "5.1.0"
    }
  }
}